time="2020-02-11T02:08:34+05:30" level=error msg="Method Not permitted! Wrong type Value"
time="2020-02-11T02:08:34+05:30" level=error msg="Method Not permitted! Wrong type Value"
time="2020-02-11T02:08:34+05:30" level=error msg="Method Not permitted! Wrong type Value"
time="2020-02-11T02:08:34+05:30" level=error msg="Method Not permitted! Wrong type Value"
time="2020-02-11T02:30:52+05:30" level=info msg="Reached the Home Page!"
time="2020-02-11T03:01:06+05:30" level=info msg="Input Validated in Create Request"
time="2020-02-11T03:01:06+05:30" level=info msg="New Task Created!!"
time="2020-02-11T03:01:06+05:30" level=info msg="Input Validated in Update Request"
time="2020-02-11T03:01:06+05:30" level=info msg="Record Found in DB!"
time="2020-02-11T03:01:06+05:30" level=info msg="UPDATE Successful!!"
time="2020-02-11T03:01:06+05:30" level=info msg="Record Found in DB!"
time="2020-02-11T03:01:06+05:30" level=info msg="Task Deleted!!"
time="2020-02-11T03:02:36+05:30" level=info msg="Reached the Home Page!"
time="2020-02-11T03:02:36+05:30" level=info msg="Input Validated in Create Request"
time="2020-02-11T03:02:36+05:30" level=info msg="New Task Created!!"
time="2020-02-11T03:02:36+05:30" level=info msg="Input Validated in Update Request"
time="2020-02-11T03:02:36+05:30" level=info msg="Record Found in DB!"
time="2020-02-11T03:02:36+05:30" level=info msg="UPDATE Successful!!"
time="2020-02-11T03:02:36+05:30" level=info msg="Record Found in DB!"
time="2020-02-11T03:02:36+05:30" level=info msg="Task Deleted!!"
